T oC : 0x80, 0x00, 0x00, 0x00
mult V/oC : 0x83, 0x2A, 0x6F, 0x4C
deltaU, ue LH: 00 00
deltaU ue : 0x80, 0x00, 0x00, 0x00
Usm src, ue LH: 99 0F
Usm src, ue float32: 0x8A, 0x79, 0x90, 0x00

Hex code, LH: :  1C 07
T to code, float32: 0x85, 0x0C, 0x06, 0x40
T oC : 0x80, 0x00, 0x00, 0x00
mult V/oC : 0x83, 0x2A, 0x6F, 0x4C
deltaU, ue LH: 00 00
deltaU ue : 0x80, 0x00, 0x00, 0x00
Usm src, ue LH: 99 0F
Usm src, ue float32: 0x8A, 0x79, 0x90, 0x00

Hex code, LH: :  1C 07
T to code, float32: 0x85, 0x0C, 0x06, 0x40
T oC : 0x80, 0x00, 0x00, 0x00
mult V/oC : 0x83, 0x2A, 0x6F, 0x4C
deltaU, ue LH: 00 00
deltaU ue : 0x80, 0x00, 0x00, 0x00
Usm src, ue LH: 99 0F
Usm src, ue float32: 0x8A, 0x79, 0x90, 0x00

T oC : 0x80, 0x00, 0x00, 0x00
mult V/oC : 0x83, 0x2A, 0x6F, 0x4C
deltaU, ue LH: 00 00
deltaU ue : 0x80, 0x00, 0x00, 0x00
Usm src, ue LH: 99 0F
Usm src, ue float32: 0x8A, 0x79, 0x90, 0x00

T oC : 0x80, 0x00, 0x00, 0x00
mult V/oC : 0x83, 0xAA, 0x6F, 0x4C
deltaU, ue LH: 00 00
deltaU ue : 0x80, 0x80, 0x00, 0x00
Usm src, ue LH: FF 0F
Usm src, ue float32: 0x8A, 0x7F, 0xF0, 0x00

T oC : 0x80, 0x00, 0x00, 0x00
mult V/oC : 0x83, 0xAA, 0x6F, 0x4C
deltaU, ue LH: 00 00
deltaU ue : 0x80, 0x80, 0x00, 0x00
Usm src, ue LH: FF 0F
Usm src, ue float32: 0x8A, 0x7F, 0xF0, 0x00

